\BOOKMARK [1][-]{section.1}{\376\377\000V\000o\000r\000w\000o\000r\000t}{}% 1
\BOOKMARK [1][-]{section.2}{\376\377\000M\000a\000t\000h\000e\000m\000a\000t\000i\000s\000c\000h\000e\000\040\000G\000r\000u\000n\000d\000l\000a\000g\000e\000n}{}% 2
\BOOKMARK [2][-]{subsection.2.1}{\376\377\000I\000n\000d\000u\000k\000t\000i\000o\000n}{section.2}% 3
\BOOKMARK [2][-]{subsection.2.2}{\376\377\000W\000i\000c\000h\000t\000i\000g\000e\000\040\000A\000n\000n\000\344\000h\000e\000r\000u\000n\000g\000e\000n}{section.2}% 4
\BOOKMARK [2][-]{subsection.2.3}{\376\377\000B\000i\000g\000-\000O\000\040\000N\000o\000t\000a\000t\000i\000o\000n}{section.2}% 5
\BOOKMARK [3][-]{subsubsection.2.3.1}{\376\377\000D\000e\000f\000i\000n\000i\000t\000i\000o\000n\000\040\000O\000-\000N\000o\000t\000a\000t\000i\000o\000n}{subsection.2.3}% 6
\BOOKMARK [3][-]{subsubsection.2.3.2}{\376\377\000U\000p\000p\000e\000r\000\040\000b\000o\000u\000n\000d\000\040\000\050\000b\000i\000g\000-\000O\000\051}{subsection.2.3}% 7
\BOOKMARK [3][-]{subsubsection.2.3.3}{\376\377\000L\000o\000w\000e\000r\000\040\000b\000o\000u\000n\000d\000\040\000\050\000b\000i\000g\000-\000O\000m\000e\000g\000a\000\051}{subsection.2.3}% 8
\BOOKMARK [3][-]{subsubsection.2.3.4}{\376\377\000T\000i\000g\000h\000t\000\040\000b\000o\000u\000n\000d\000\040\000\050\000b\000i\000g\000-\000T\000h\000e\000t\000a\000\051}{subsection.2.3}% 9
\BOOKMARK [3][-]{subsubsection.2.3.5}{\376\377\000M\000a\000s\000t\000e\000r\000\040\000T\000h\000e\000o\000r\000e\000m}{subsection.2.3}% 10
\BOOKMARK [3][-]{subsubsection.2.3.6}{\376\377\000O\000v\000e\000r\000v\000i\000e\000w}{subsection.2.3}% 11
\BOOKMARK [2][-]{subsection.2.4}{\376\377\000E\000r\000s\000t\000e\000r\000\040\000A\000l\000g\000o\000r\000i\000t\000h\000m\000u\000s}{section.2}% 12
\BOOKMARK [3][-]{subsubsection.2.4.1}{\376\377\000M\000a\000x\000i\000m\000u\000m\000\040\000S\000u\000b\000a\000r\000r\000a\000y\000\040\000S\000u\000m}{subsection.2.4}% 13
\BOOKMARK [1][-]{section.3}{\376\377\000S\000u\000c\000h\000e\000n\000\040\000u\000n\000d\000\040\000S\000o\000r\000t\000i\000e\000r\000e\000n}{}% 14
\BOOKMARK [2][-]{subsection.3.1}{\376\377\000S\000u\000c\000h\000e\000n}{section.3}% 15
\BOOKMARK [3][-]{subsubsection.3.1.1}{\376\377\000B\000i\000n\000a\000r\000y\000\040\000S\000e\000a\000r\000c\000h}{subsection.3.1}% 16
\BOOKMARK [3][-]{subsubsection.3.1.2}{\376\377\000H\000e\000a\000p\000s}{subsection.3.1}% 17
\BOOKMARK [2][-]{subsection.3.2}{\376\377\000B\000i\000n\000\344\000r\000e\000r\000\040\000S\000u\000c\000h\000b\000a\000u\000m}{section.3}% 18
\BOOKMARK [3][-]{subsubsection.3.2.1}{\376\377\000B\000e\000g\000r\000i\000f\000f\000l\000i\000c\000h\000k\000e\000i\000t\000e\000n}{subsection.3.2}% 19
\BOOKMARK [2][-]{subsection.3.3}{\376\377\000A\000V\000L\000-\000T\000r\000e\000e\000s}{section.3}% 20
\BOOKMARK [3][-]{subsubsection.3.3.1}{\376\377\000S\000u\000c\000h\000e\000n\000,\000\040\000E\000i\000n\000f\000\374\000g\000e\000n\000\040\000u\000n\000d\000\040\000E\000n\000t\000f\000e\000r\000n\000e\000n\000\040\000i\000n\000\040\000A\000V\000L\000-\000B\000\344\000u\000m\000e\000n}{subsection.3.3}% 21
\BOOKMARK [3][-]{subsubsection.3.3.2}{\376\377\000E\000i\000n\000f\000\374\000g\000e\000n}{subsection.3.3}% 22
\BOOKMARK [3][-]{subsubsection.3.3.3}{\376\377\000E\000n\000t\000f\000e\000r\000n\000e\000n}{subsection.3.3}% 23
\BOOKMARK [3][-]{subsubsection.3.3.4}{\376\377\000R\000o\000t\000a\000t\000i\000o\000n\000e\000n}{subsection.3.3}% 24
\BOOKMARK [3][-]{subsubsection.3.3.5}{\376\377\000O\000p\000e\000r\000a\000t\000i\000o\000n\000e\000n\000\040\000u\000n\000d\000\040\000K\000o\000m\000p\000l\000e\000x\000i\000t\000\344\000t}{subsection.3.3}% 25
\BOOKMARK [2][-]{subsection.3.4}{\376\377\000S\000o\000r\000t\000i\000e\000r\000-\000A\000l\000g\000o\000r\000i\000t\000h\000m\000e\000n}{section.3}% 26
\BOOKMARK [3][-]{subsubsection.3.4.1}{\376\377\000E\000i\000g\000e\000n\000s\000c\000h\000a\000f\000t\000e\000n\000\040\000v\000o\000n\000\040\000S\000o\000r\000t\000i\000e\000r\000-\000A\000l\000g\000o\000r\000i\000t\000h\000m\000e\000n}{subsection.3.4}% 27
\BOOKMARK [3][-]{subsubsection.3.4.2}{\376\377\000B\000o\000g\000o\000\040\000s\000o\000r\000t}{subsection.3.4}% 28
\BOOKMARK [3][-]{subsubsection.3.4.3}{\376\377\000S\000t\000a\000l\000i\000n\000-\000S\000o\000r\000t}{subsection.3.4}% 29
\BOOKMARK [3][-]{subsubsection.3.4.4}{\376\377\000B\000u\000b\000b\000l\000e\000s\000o\000r\000t}{subsection.3.4}% 30
\BOOKMARK [3][-]{subsubsection.3.4.5}{\376\377\000I\000n\000s\000e\000r\000t\000i\000o\000n\000S\000o\000r\000t}{subsection.3.4}% 31
\BOOKMARK [3][-]{subsubsection.3.4.6}{\376\377\000S\000e\000l\000e\000c\000t\000i\000o\000n\000S\000o\000r\000t}{subsection.3.4}% 32
\BOOKMARK [3][-]{subsubsection.3.4.7}{\376\377\000Q\000u\000i\000c\000k\000s\000o\000r\000t}{subsection.3.4}% 33
\BOOKMARK [3][-]{subsubsection.3.4.8}{\376\377\000M\000e\000r\000g\000e\000s\000o\000r\000t}{subsection.3.4}% 34
\BOOKMARK [3][-]{subsubsection.3.4.9}{\376\377\000H\000e\000a\000p\000s\000o\000r\000t}{subsection.3.4}% 35
\BOOKMARK [3][-]{subsubsection.3.4.10}{\376\377\000K\000o\000s\000t\000e\000n\000\040\000v\000o\000n\000\040\000S\000o\000r\000t\000i\000e\000r\000a\000l\000g\000o\000r\000i\000t\000h\000m\000e\000n}{subsection.3.4}% 36
\BOOKMARK [3][-]{subsubsection.3.4.11}{\376\377\000L\000o\000w\000e\000r\000-\000b\000o\000u\000n\000d\000\040\000f\000\374\000r\000\040\000s\000o\000r\000t\000i\000e\000r\000\040\000A\000l\000g\000o\000r\000i\000t\000h\000m\000e\000n}{subsection.3.4}% 37
\BOOKMARK [1][-]{section.4}{\376\377\000G\000r\000a\000p\000h\000e\000n\000T\000h\000e\000o\000r\000i\000e}{}% 38
\BOOKMARK [2][-]{subsection.4.1}{\376\377\000G\000r\000u\000n\000d\000l\000a\000g\000e\000n}{section.4}% 39
\BOOKMARK [2][-]{subsection.4.2}{\376\377\000T\000i\000e\000f\000e\000n\000s\000u\000c\000h\000e}{section.4}% 40
\BOOKMARK [2][-]{subsection.4.3}{\376\377\000B\000r\000e\000i\000t\000e\000n\000s\000u\000c\000h\000e}{section.4}% 41
\BOOKMARK [2][-]{subsection.4.4}{\376\377\000Z\000u\000s\000a\000m\000m\000e\000n\000h\000a\000n\000g\000s\000k\000o\000m\000p\000o\000n\000t\000e\000n\000t\000e}{section.4}% 42
\BOOKMARK [2][-]{subsection.4.5}{\376\377\000S\000h\000o\000r\000t\000e\000s\000t\000-\000p\000a\000t\000h\000.\000.\000.}{section.4}% 43
\BOOKMARK [3][-]{subsubsection.4.5.1}{\376\377\000.\000.\000.\000m\000i\000t\000\040\000u\000n\000i\000f\000o\000r\000m\000e\000n\000\040\000K\000a\000n\000t\000e\000n\000g\000e\000w\000i\000c\000h\000t\000e\000n}{subsection.4.5}% 44
\BOOKMARK [3][-]{subsubsection.4.5.2}{\376\377\000.\000.\000.\000m\000i\000t\000\040\000n\000i\000c\000h\000t\000-\000n\000e\000g\000a\000t\000i\000v\000e\000n\000\040\000K\000a\000n\000t\000e\000n\000g\000e\000w\000i\000c\000h\000t\000e\000n}{subsection.4.5}% 45
\BOOKMARK [3][-]{subsubsection.4.5.3}{\376\377\000.\000.\000.\000m\000i\000t\000\040\000a\000l\000l\000g\000e\000m\000e\000i\000n\000e\000n\000\040\000K\000a\000n\000t\000e\000n\000g\000e\000w\000i\000c\000h\000t\000e\000n}{subsection.4.5}% 46
\BOOKMARK [3][-]{subsubsection.4.5.4}{\376\377\000.\000.\000.\000z\000w\000i\000s\000c\000h\000e\000n\000\040\000a\000l\000l\000e\000n\000\040\000P\000a\000a\000r\000e\000n\000\040\000v\000o\000n\000\040\000K\000n\000o\000t\000e\000n}{subsection.4.5}% 47
\BOOKMARK [1][-]{section.5}{\376\377\000D\000y\000n\000a\000m\000i\000s\000c\000h\000e\000s\000\040\000P\000r\000o\000g\000r\000a\000m\000m\000i\000e\000r\000e\000n}{}% 48
\BOOKMARK [2][-]{subsection.5.1}{\376\377\000L\000\344\000n\000g\000s\000t\000e\000\040\000a\000u\000f\000s\000t\000e\000i\000g\000e\000n\000d\000e\000\040\000T\000e\000i\000l\000f\000o\000l\000g\000e}{section.5}% 49
\BOOKMARK [2][-]{subsection.5.2}{\376\377\000L\000\344\000n\000g\000s\000t\000e\000\040\000g\000e\000m\000e\000i\000n\000s\000a\000m\000e\000\040\000T\000e\000i\000l\000f\000o\000l\000g\000e}{section.5}% 50
\BOOKMARK [2][-]{subsection.5.3}{\376\377\000M\000i\000n\000i\000m\000a\000l\000e\000\040\000E\000d\000i\000t\000i\000e\000r\000d\000i\000s\000t\000a\000n\000z}{section.5}% 51
\BOOKMARK [2][-]{subsection.5.4}{\376\377\000M\000a\000t\000r\000i\000x\000k\000e\000t\000t\000e\000n\000m\000u\000l\000t\000i\000p\000l\000i\000k\000a\000t\000i\000o\000n}{section.5}% 52
\BOOKMARK [2][-]{subsection.5.5}{\376\377\000S\000u\000b\000s\000e\000t\000\040\000S\000u\000m\000\040\000P\000r\000o\000b\000l\000e\000m}{section.5}% 53
\BOOKMARK [2][-]{subsection.5.6}{\376\377\000K\000n\000a\000p\000\040\000S\000a\000c\000k\000\040\000P\000r\000o\000b\000l\000e\000m}{section.5}% 54
\BOOKMARK [1][-]{section.6}{\376\377\000S\000p\000r\000a\000c\000h\000u\000n\000t\000e\000r\000s\000c\000h\000i\000e\000d\000e}{}% 55
